Log file open, 02/11/18 11:51:24
LogWindows: Failed to load 'aqProf.dll' (GetLastError=126)
LogWindows: File 'aqProf.dll' does not exist
LogWindows: Failed to load 'VtuneApi.dll' (GetLastError=126)
LogWindows: File 'VtuneApi.dll' does not exist
LogWindows: Failed to load 'VtuneApi32e.dll' (GetLastError=126)
LogWindows: File 'VtuneApi32e.dll' does not exist
LogInit: Display: Running engine for game: Karakara
LogPlatformFile: Not using cached read wrapper
LogInit: Display: RandInit(1253959116) SRandInit(1253959116).
LogInit: Read version file with build ID '3709383'
LogInit: Overriding engine version to CL 3832480, compatible CL 3709383
LogInit: Registered custom module enumerator with build ID '3709383'
LogTaskGraph: Started task graph with 5 named threads and 14 total threads with 3 sets of task threads.
LogStats: Stats thread started at 0.762412
LogD3D11RHI: Aftermath initialized
LogModuleManager: Display: Found up-to-date module file ../../../Engine/Plugins/2D/Paper2D/Binaries/Win64/UE4Editor-Paper2D.dll (API version 3709383).
LogModuleManager: Display: Found up-to-date module file ../../../Engine/Plugins/2D/Paper2D/Binaries/Win64/UE4Editor-Paper2DEditor.dll (API version 3709383).
LogModuleManager: Display: Found up-to-date module file ../../../Engine/Plugins/2D/Paper2D/Binaries/Win64/UE4Editor-PaperSpriteSheetImporter.dll (API version 3709383).
LogModuleManager: Display: Found up-to-date module file ../../../Engine/Plugins/2D/Paper2D/Binaries/Win64/UE4Editor-PaperTiledImporter.dll (API version 3709383).
LogModuleManager: Display: Found up-to-date module file ../../../Engine/Plugins/2D/Paper2D/Binaries/Win64/UE4Editor-SmartSnapping.dll (API version 3709383).
LogModuleManager: Display: Found up-to-date module file ../../../Engine/Plugins/Blendables/LightPropagationVolume/Binaries/Win64/UE4Editor-LightPropagationVolumeRuntime.dll (API version 3709383).
LogModuleManager: Display: Found up-to-date module file ../../../Engine/Plugins/Blendables/LightPropagationVolume/Binaries/Win64/UE4Editor-LightPropagationVolumeEditor.dll (API version 3709383).
LogModuleManager: Display: Found up-to-date module file ../../../Engine/Plugins/Developer/GitSourceControl/Binaries/Win64/UE4Editor-GitSourceControl.dll (API version 3709383).
LogModuleManager: Display: Found up-to-date module file ../../../Engine/Plugins/Developer/PerforceSourceControl/Binaries/Win64/UE4Editor-PerforceSourceControl.dll (API version 3709383).
LogModuleManager: Display: Found up-to-date module file ../../../Engine/Plugins/Developer/SubversionSourceControl/Binaries/Win64/UE4Editor-SubversionSourceControl.dll (API version 3709383).
LogModuleManager: Display: Found up-to-date module file ../../../Engine/Plugins/Developer/UObjectPlugin/Binaries/Win64/UE4Editor-UObjectPlugin.dll (API version 3709383).
LogModuleManager: Display: Found up-to-date module file ../../../Engine/Plugins/Developer/VisualStudioCodeSourceCodeAccess/Binaries/Win64/UE4Editor-VisualStudioCodeSourceCodeAccess.dll (API version 3709383).
LogModuleManager: Display: Found up-to-date module file ../../../Engine/Plugins/Developer/VisualStudioSourceCodeAccess/Binaries/Win64/UE4Editor-VisualStudioSourceCodeAccess.dll (API version 3709383).
LogModuleManager: Display: Found up-to-date module file ../../../Engine/Plugins/Editor/AssetManagerEditor/Binaries/Win64/UE4Editor-AssetManagerEditor.dll (API version 3709383).
LogModuleManager: Display: Found up-to-date module file ../../../Engine/Plugins/Editor/AudioCapture/Binaries/Win64/UE4Editor-AudioCapture.dll (API version 3709383).
LogModuleManager: Display: Found up-to-date module file ../../../Engine/Plugins/Editor/FacialAnimation/Binaries/Win64/UE4Editor-FacialAnimation.dll (API version 3709383).
LogModuleManager: Display: Found up-to-date module file ../../../Engine/Plugins/Editor/FacialAnimation/Binaries/Win64/UE4Editor-FacialAnimationEditor.dll (API version 3709383).
LogModuleManager: Display: Found up-to-date module file ../../../Engine/Plugins/Editor/GameplayTagsEditor/Binaries/Win64/UE4Editor-GameplayTagsEditor.dll (API version 3709383).
LogModuleManager: Display: Found up-to-date module file ../../../Engine/Plugins/Editor/MobileLauncherProfileWizard/Binaries/Win64/UE4Editor-MobileLauncherProfileWizard.dll (API version 3709383).
LogModuleManager: Display: Found up-to-date module file ../../../Engine/Plugins/Editor/PluginBrowser/Binaries/Win64/UE4Editor-PluginBrowser.dll (API version 3709383).
LogModuleManager: Display: Found up-to-date module file ../../../Engine/Plugins/Editor/SpeedTreeImporter/Binaries/Win64/UE4Editor-SpeedTreeImporter.dll (API version 3709383).
LogModuleManager: Display: Found up-to-date module file ../../../Engine/Plugins/Experimental/AlembicImporter/Binaries/Win64/UE4Editor-AlembicImporter.dll (API version 3709383).
LogModuleManager: Display: Found up-to-date module file ../../../Engine/Plugins/Experimental/AlembicImporter/Binaries/Win64/UE4Editor-AlembicLibrary.dll (API version 3709383).
LogModuleManager: Display: Found up-to-date module file ../../../Engine/Plugins/Experimental/CharacterAI/Binaries/Win64/UE4Editor-CharacterAI.dll (API version 3709383).
LogModuleManager: Display: Found up-to-date module file ../../../Engine/Plugins/Experimental/HTML5Networking/Binaries/Win64/UE4Editor-HTML5Networking.dll (API version 3709383).
LogModuleManager: Display: Found up-to-date module file ../../../Engine/Plugins/Media/AndroidMedia/Binaries/Win64/UE4Editor-AndroidMediaEditor.dll (API version 3709383).
LogModuleManager: Display: Found up-to-date module file ../../../Engine/Plugins/Media/AndroidMedia/Binaries/Win64/UE4Editor-AndroidMediaFactory.dll (API version 3709383).
LogModuleManager: Display: Found up-to-date module file ../../../Engine/Plugins/Media/AvfMedia/Binaries/Win64/UE4Editor-AvfMediaEditor.dll (API version 3709383).
LogModuleManager: Display: Found up-to-date module file ../../../Engine/Plugins/Media/AvfMedia/Binaries/Win64/UE4Editor-AvfMediaFactory.dll (API version 3709383).
LogModuleManager: Display: Found up-to-date module file ../../../Engine/Plugins/Media/AvfMedia/Binaries/Win64/UE4Editor-AvfMediaFactory.dll (API version 3709383).
LogModuleManager: Display: Found up-to-date module file ../../../Engine/Plugins/Media/ImgMedia/Binaries/Win64/UE4Editor-ImgMedia.dll (API version 3709383).
LogModuleManager: Display: Found up-to-date module file ../../../Engine/Plugins/Media/ImgMedia/Binaries/Win64/UE4Editor-ImgMediaEditor.dll (API version 3709383).
LogModuleManager: Display: Found up-to-date module file ../../../Engine/Plugins/Media/ImgMedia/Binaries/Win64/UE4Editor-ImgMediaFactory.dll (API version 3709383).
LogModuleManager: Display: Found up-to-date module file ../../../Engine/Plugins/Media/ImgMedia/Binaries/Win64/UE4Editor-ImgMediaFactory.dll (API version 3709383).
LogModuleManager: Display: Found up-to-date module file ../../../Engine/Plugins/Media/ImgMedia/Binaries/Win64/UE4Editor-OpenExrWrapper.dll (API version 3709383).
LogModuleManager: Display: Found up-to-date module file ../../../Engine/Plugins/Media/MediaCompositing/Binaries/Win64/UE4Editor-MediaCompositing.dll (API version 3709383).
LogModuleManager: Display: Found up-to-date module file ../../../Engine/Plugins/Media/MediaCompositing/Binaries/Win64/UE4Editor-MediaCompositingEditor.dll (API version 3709383).
LogModuleManager: Display: Found up-to-date module file ../../../Engine/Plugins/Media/MediaPlayerEditor/Binaries/Win64/UE4Editor-MediaPlayerEditor.dll (API version 3709383).
LogModuleManager: Display: Found up-to-date module file ../../../Engine/Plugins/Media/WmfMedia/Binaries/Win64/UE4Editor-WmfMedia.dll (API version 3709383).
LogModuleManager: Display: Found up-to-date module file ../../../Engine/Plugins/Media/WmfMedia/Binaries/Win64/UE4Editor-WmfMediaEditor.dll (API version 3709383).
LogModuleManager: Display: Found up-to-date module file ../../../Engine/Plugins/Media/WmfMedia/Binaries/Win64/UE4Editor-WmfMediaFactory.dll (API version 3709383).
LogModuleManager: Display: Found up-to-date module file ../../../Engine/Plugins/Media/WmfMedia/Binaries/Win64/UE4Editor-WmfMediaFactory.dll (API version 3709383).
LogModuleManager: Display: Found up-to-date module file ../../../Engine/Plugins/Messaging/TcpMessaging/Binaries/Win64/UE4Editor-TcpMessaging.dll (API version 3709383).
LogModuleManager: Display: Found up-to-date module file ../../../Engine/Plugins/Messaging/UdpMessaging/Binaries/Win64/UE4Editor-UdpMessaging.dll (API version 3709383).
LogModuleManager: Display: Found up-to-date module file ../../../Engine/Plugins/MovieScene/ActorSequence/Binaries/Win64/UE4Editor-ActorSequence.dll (API version 3709383).
LogModuleManager: Display: Found up-to-date module file ../../../Engine/Plugins/MovieScene/LevelSequenceEditor/Binaries/Win64/UE4Editor-LevelSequenceEditor.dll (API version 3709383).
LogModuleManager: Display: Found up-to-date module file ../../../Engine/Plugins/MovieScene/MatineeToLevelSequence/Binaries/Win64/UE4Editor-MatineeToLevelSequence.dll (API version 3709383).
LogModuleManager: Display: Found up-to-date module file ../../../Engine/Plugins/Online/OnlineSubsystem/Binaries/Win64/UE4Editor-OnlineSubsystem.dll (API version 3709383).
LogModuleManager: Display: Found up-to-date module file ../../../Engine/Plugins/Runtime/AndroidPermission/Binaries/Win64/UE4Editor-AndroidPermission.dll (API version 3709383).
LogModuleManager: Display: Found up-to-date module file ../../../Engine/Plugins/Online/OnlineSubsystemNull/Binaries/Win64/UE4Editor-OnlineSubsystemNull.dll (API version 3709383).
LogModuleManager: Display: Found up-to-date module file ../../../Engine/Plugins/Online/OnlineSubsystemUtils/Binaries/Win64/UE4Editor-OnlineSubsystemUtils.dll (API version 3709383).
LogModuleManager: Display: Found up-to-date module file ../../../Engine/Plugins/Online/OnlineSubsystemUtils/Binaries/Win64/UE4Editor-OnlineBlueprintSupport.dll (API version 3709383).
LogModuleManager: Display: Found up-to-date module file ../../../Engine/Plugins/Runtime/AndroidDeviceProfileSelector/Binaries/Win64/UE4Editor-AndroidDeviceProfileSelector.dll (API version 3709383).
LogModuleManager: Display: Found up-to-date module file ../../../Engine/Plugins/Runtime/AppleARKit/Binaries/Win64/UE4Editor-AppleARKit.dll (API version 3709383).
LogModuleManager: Display: Found up-to-date module file ../../../Engine/Plugins/Runtime/ArchVisCharacter/Binaries/Win64/UE4Editor-ArchVisCharacter.dll (API version 3709383).
LogModuleManager: Display: Found up-to-date module file ../../../Engine/Plugins/Runtime/CableComponent/Binaries/Win64/UE4Editor-CableComponent.dll (API version 3709383).
LogModuleManager: Display: Found up-to-date module file ../../../Engine/Plugins/Runtime/CustomMeshComponent/Binaries/Win64/UE4Editor-CustomMeshComponent.dll (API version 3709383).
LogModuleManager: Display: Found up-to-date module file ../../../Engine/Plugins/Runtime/ExampleDeviceProfileSelector/Binaries/Win64/UE4Editor-ExampleDeviceProfileSelector.dll (API version 3709383).
LogModuleManager: Display: Found up-to-date module file ../../../Engine/Plugins/Runtime/ImmediatePhysics/Binaries/Win64/UE4Editor-ImmediatePhysics.dll (API version 3709383).
LogModuleManager: Display: Found up-to-date module file ../../../Engine/Plugins/Runtime/ImmediatePhysics/Binaries/Win64/UE4Editor-ImmediatePhysicsEditor.dll (API version 3709383).
LogModuleManager: Display: Found up-to-date module file ../../../Engine/Plugins/Runtime/LocationServicesBPLibrary/Binaries/Win64/UE4Editor-LocationServicesBPLibrary.dll (API version 3709383).
LogModuleManager: Display: Found up-to-date module file ../../../Engine/Plugins/Runtime/MobilePatchingUtils/Binaries/Win64/UE4Editor-MobilePatchingUtils.dll (API version 3709383).
LogModuleManager: Display: Found up-to-date module file ../../../Engine/Plugins/Runtime/Oculus/OculusVR/Binaries/Win64/UE4Editor-OculusHMD.dll (API version 3709383).
LogModuleManager: Display: Found up-to-date module file ../../../Engine/Plugins/Runtime/Oculus/OculusVR/Binaries/Win64/UE4Editor-OculusInput.dll (API version 3709383).
LogModuleManager: Display: Found up-to-date module file ../../../Engine/Plugins/Runtime/Oculus/OculusVR/Binaries/Win64/UE4Editor-OculusEditor.dll (API version 3709383).
LogModuleManager: Display: Found up-to-date module file ../../../Engine/Plugins/Runtime/PhysXVehicles/Binaries/Win64/UE4Editor-PhysXVehicles.dll (API version 3709383).
LogModuleManager: Display: Found up-to-date module file ../../../Engine/Plugins/Runtime/PhysXVehicles/Binaries/Win64/UE4Editor-PhysXVehiclesEditor.dll (API version 3709383).
LogModuleManager: Display: Found up-to-date module file ../../../Engine/Plugins/Runtime/ProceduralMeshComponent/Binaries/Win64/UE4Editor-ProceduralMeshComponent.dll (API version 3709383).
LogModuleManager: Display: Found up-to-date module file ../../../Engine/Plugins/Runtime/ProceduralMeshComponent/Binaries/Win64/UE4Editor-ProceduralMeshComponentEditor.dll (API version 3709383).
LogModuleManager: Display: Found up-to-date module file ../../../Engine/Plugins/Runtime/RuntimePhysXCooking/Binaries/Win64/UE4Editor-RuntimePhysXCooking.dll (API version 3709383).
LogModuleManager: Display: Found up-to-date module file ../../../Engine/Plugins/Runtime/Steam/SteamVR/Binaries/Win64/UE4Editor-SteamVR.dll (API version 3709383).
LogModuleManager: Display: Found up-to-date module file ../../../Engine/Plugins/Runtime/Steam/SteamVR/Binaries/Win64/UE4Editor-SteamVRController.dll (API version 3709383).
LogModuleManager: Display: Found up-to-date module file ../../../Engine/Plugins/Runtime/WindowsMoviePlayer/Binaries/Win64/UE4Editor-WindowsMoviePlayer.dll (API version 3709383).
LogPluginManager: Mounting plugin Paper2D
LogPluginManager: Mounting plugin LightPropagationVolume
LogPluginManager: Mounting plugin CodeLiteSourceCodeAccess
LogPluginManager: Mounting plugin GitSourceControl
LogPluginManager: Mounting plugin KDevelopSourceCodeAccess
LogPluginManager: Mounting plugin NullSourceCodeAccess
LogPluginManager: Mounting plugin PerforceSourceControl
LogPluginManager: Mounting plugin SubversionSourceControl
LogPluginManager: Mounting plugin UObjectPlugin
LogPluginManager: Mounting plugin VisualStudioCodeSourceCodeAccess
LogPluginManager: Mounting plugin VisualStudioSourceCodeAccess
LogPluginManager: Mounting plugin XCodeSourceCodeAccess
LogPluginManager: Mounting plugin AssetManagerEditor
LogPluginManager: Mounting plugin AudioCapture
LogPluginManager: Mounting plugin FacialAnimation
LogPluginManager: Mounting plugin GameplayTagsEditor
LogPluginManager: Mounting plugin MobileLauncherProfileWizard
LogPluginManager: Mounting plugin PluginBrowser
LogPluginManager: Mounting plugin SpeedTreeImporter
LogPluginManager: Mounting plugin AlembicImporter
LogPluginManager: Mounting plugin CharacterAI
LogPluginManager: Mounting plugin HTML5Networking
LogPluginManager: Mounting plugin AndroidMedia
LogPluginManager: Mounting plugin AvfMedia
LogPluginManager: Mounting plugin ImgMedia
LogPluginManager: Mounting plugin MediaCompositing
LogPluginManager: Mounting plugin MediaPlayerEditor
LogPluginManager: Mounting plugin WmfMedia
LogPluginManager: Mounting plugin TcpMessaging
LogPluginManager: Mounting plugin UdpMessaging
LogPluginManager: Mounting plugin ActorSequence
LogPluginManager: Mounting plugin LevelSequenceEditor
LogPluginManager: Mounting plugin MatineeToLevelSequence
LogPluginManager: Mounting plugin OnlineSubsystemGooglePlay
LogPluginManager: Mounting plugin OnlineSubsystemIOS
LogPluginManager: Mounting plugin OnlineSubsystem
LogPluginManager: Mounting plugin OnlineSubsystemNull
LogPluginManager: Mounting plugin OnlineSubsystemUtils
LogPluginManager: Mounting plugin AndroidDeviceProfileSelector
LogPluginManager: Mounting plugin AndroidMoviePlayer
LogPluginManager: Mounting plugin AndroidPermission
LogPluginManager: Mounting plugin AppleARKit
LogPluginManager: Mounting plugin AppleMoviePlayer
LogPluginManager: Mounting plugin ArchVisCharacter
LogPluginManager: Mounting plugin CableComponent
LogPluginManager: Mounting plugin CustomMeshComponent
LogPluginManager: Mounting plugin ExampleDeviceProfileSelector
LogPluginManager: Mounting plugin GoogleCloudMessaging
LogPluginManager: Mounting plugin ImmediatePhysics
LogPluginManager: Mounting plugin IOSDeviceProfileSelector
LogPluginManager: Mounting plugin LinuxDeviceProfileSelector
LogPluginManager: Mounting plugin LocationServicesBPLibrary
LogPluginManager: Mounting plugin MobilePatchingUtils
LogPluginManager: Mounting plugin OculusVR
LogPluginManager: Plugin shader directory ../../../Engine/Plugins/Runtime/Oculus/OculusVR/Shaders found
LogPluginManager: Mapping shader source directory ../../../Engine/Plugins/Runtime/Oculus/OculusVR/Shaders to virtual directory /Plugin/OculusVR
LogPluginManager: Mounting plugin PhysXVehicles
LogPluginManager: Mounting plugin ProceduralMeshComponent
LogPluginManager: Mounting plugin RuntimePhysXCooking
LogPluginManager: Mounting plugin SteamVR
LogPluginManager: Mounting plugin WindowsMoviePlayer
LogInit: Using libcurl 7.47.1
LogInit:  - built for x86_64-pc-win32
LogInit:  - supports SSL with OpenSSL/1.0.2g
LogInit:  - supports HTTP deflate (compression) using libz 1.2.8
LogInit:  - other features:
LogInit:      CURL_VERSION_SSL
LogInit:      CURL_VERSION_LIBZ
LogInit:      CURL_VERSION_IPV6
LogInit:      CURL_VERSION_ASYNCHDNS
LogInit:      CURL_VERSION_LARGEFILE
LogInit:      CURL_VERSION_IDN
LogInit:  CurlRequestOptions (configurable via config and command line):
LogInit:  - bVerifyPeer = false  - Libcurl will NOT verify peer certificate
LogInit:  - bUseHttpProxy = false  - Libcurl will NOT use HTTP proxy
LogInit:  - bDontReuseConnections = false  - Libcurl will reuse connections
LogInit:  - CertBundlePath = nullptr  - Libcurl will use whatever was configured at build time.
LogInit: Build: ++UE4+Release-4.18-CL-3832480
LogInit: Engine Version: 4.18.3-3832480+++UE4+Release-4.18
LogInit: Compatible Engine Version: 4.18.0-3709383+++UE4+Release-4.18
LogInit: Net CL: 3709383
LogDevObjectVersion: Number of dev versions registered: 16
LogDevObjectVersion:   Dev-Blueprints (B0D832E4-1F89-4F0D-ACCF-7EB736FD4AA2): 10
LogDevObjectVersion:   Dev-Build (E1C64328-A22C-4D53-A36C-8E866417BD8C): 0
LogDevObjectVersion:   Dev-Core (375EC13C-06E4-48FB-B500-84F0262A717E): 2
LogDevObjectVersion:   Dev-Editor (E4B068ED-F494-42E9-A231-DA0B2E46BB41): 20
LogDevObjectVersion:   Dev-Framework (CFFC743F-43B0-4480-9391-14DF171D2073): 30
LogDevObjectVersion:   Dev-Mobile (B02B49B5-BB20-44E9-A304-32B752E40360): 0
LogDevObjectVersion:   Dev-Networking (A4E4105C-59A1-49B5-A7C5-40C4547EDFEE): 0
LogDevObjectVersion:   Dev-Online (39C831C9-5AE6-47DC-9A44-9C173E1C8E7C): 0
LogDevObjectVersion:   Dev-Physics (78F01B33-EBEA-4F98-B9B4-84EACCB95AA2): 0
LogDevObjectVersion:   Dev-Platform (6631380F-2D4D-43E0-8009-CF276956A95A): 0
LogDevObjectVersion:   Dev-Rendering (12F88B9F-8875-4AFC-A67C-D90C383ABD29): 20
LogDevObjectVersion:   Dev-Sequencer (7B5AE74C-D270-4C10-A958-57980B212A5A): 4
LogDevObjectVersion:   Dev-VR (D7296918-1DD6-4BDD-9DE2-64A83CC13884): 0
LogDevObjectVersion:   Dev-LoadTimes (C2A15278-BFE7-4AFE-6C17-90FF531DF755): 1
LogDevObjectVersion:   Private-Geometry (6EACA3D4-40EC-4CC1-B786-8BED09428FC5): 1
LogDevObjectVersion:   Dev-AnimPhys (29E575DD-E0A3-4627-9D10-D276232CDCEA): 12
LogInit: Compiled (64-bit): Jan 12 2018 02:04:55
LogInit: Compiled with Visual C++: 19.00.24215.01
LogInit: Build Configuration: Development
LogInit: Branch Name: ++UE4+Release-4.18
LogInit: Command line:  
LogInit: Base directory: C:/Program Files/Epic Games/UE_4.18/Engine/Binaries/Win64/
LogInit: Installed Engine Build: 1
LogInit: Presizing for max 8388607 objects, including 0 objects not considered by GC, pre-allocating 0 bytes for permanent pool.
LogInit: Object subsystem initialized
[2018.02.11-09.51.26:714][  0]LogInit: Selected Device Profile: [Windows]
[2018.02.11-09.51.26:714][  0]LogInit: Applying CVar settings loaded from the selected device profile: [Windows]
[2018.02.11-09.51.26:754][  0]LogInit: Computer: ACE-PC
[2018.02.11-09.51.26:754][  0]LogInit: User: ace
[2018.02.11-09.51.26:754][  0]LogInit: CPU Page size=4096, Cores=4
[2018.02.11-09.51.26:754][  0]LogInit: High frequency timer resolution =3.331194 MHz
[2018.02.11-09.51.26:755][  0]LogMemory: Memory total: Physical=15.9GB (16GB approx)
[2018.02.11-09.51.26:755][  0]LogMemory: Platform Memory Stats for Windows
[2018.02.11-09.51.26:755][  0]LogMemory: Process Physical Memory: 274.45 MB used, 274.45 MB peak
[2018.02.11-09.51.26:755][  0]LogMemory: Process Virtual Memory: 263.82 MB used, 263.82 MB peak
[2018.02.11-09.51.26:755][  0]LogMemory: Physical Memory: 9643.36 MB used,  6645.75 MB free, 16289.10 MB total
[2018.02.11-09.51.26:755][  0]LogMemory: Virtual Memory: 672.24 MB used,  6645.75 MB free, 134217728.00 MB total
[2018.02.11-09.51.27:340][  0]LogInit: Using OS detected language (en-US).
[2018.02.11-09.51.27:340][  0]LogInit: Using OS detected locale (en-US).
[2018.02.11-09.51.27:426][  0]LogTextLocalizationManager: No specific localization for 'en-US' exists, so the 'en' localization will be used.
[2018.02.11-09.51.28:102][  0]LogInit: Setting process to per monitor DPI aware
[2018.02.11-09.51.31:629][  0]LogD3D11RHI: D3D11 adapters:
[2018.02.11-09.51.31:696][  0]LogD3D11RHI:    0. 'NVIDIA GeForce GTX 1080' (Feature Level 11_0)
[2018.02.11-09.51.31:696][  0]LogD3D11RHI:       8079/0/8144 MB DedicatedVideo/DedicatedSystem/SharedSystem, Outputs:1, VendorId:0x10de
[2018.02.11-09.51.31:707][  0]LogD3D11RHI:    1. 'Intel(R) HD Graphics 3000' (Feature Level 10_0)
[2018.02.11-09.51.31:707][  0]LogD3D11RHI:       32/0/1632 MB DedicatedVideo/DedicatedSystem/SharedSystem, Outputs:0, VendorId:0x8086
[2018.02.11-09.51.31:715][  0]LogD3D11RHI:    2. 'Microsoft Basic Render Driver' (Feature Level 11_0)
[2018.02.11-09.51.31:715][  0]LogD3D11RHI:       0/0/8144 MB DedicatedVideo/DedicatedSystem/SharedSystem, Outputs:0, VendorId:0x1414
[2018.02.11-09.51.31:715][  0]LogD3D11RHI: Chosen D3D11 Adapter: 0
[2018.02.11-09.51.31:725][  0]LogD3D11RHI: Creating new Direct3DDevice
[2018.02.11-09.51.31:725][  0]LogD3D11RHI:     GPU DeviceId: 0x1b80 (for the marketing name, search the web for "GPU Device Id")
[2018.02.11-09.51.31:725][  0]LogWindows: EnumDisplayDevices:
[2018.02.11-09.51.31:725][  0]LogWindows:    0. 'NVIDIA GeForce GTX 1080' (P:1 D:1)
[2018.02.11-09.51.31:726][  0]LogWindows:    1. 'NVIDIA GeForce GTX 1080' (P:0 D:0)
[2018.02.11-09.51.31:726][  0]LogWindows:    2. 'NVIDIA GeForce GTX 1080' (P:0 D:0)
[2018.02.11-09.51.31:726][  0]LogWindows:    3. 'NVIDIA GeForce GTX 1080' (P:0 D:0)
[2018.02.11-09.51.31:726][  0]LogWindows:    4. 'Intel(R) HD Graphics 3000' (P:0 D:0)
[2018.02.11-09.51.31:727][  0]LogWindows:    5. 'Intel(R) HD Graphics 3000' (P:0 D:0)
[2018.02.11-09.51.31:727][  0]LogWindows: DebugString: GetVideoDriverDetailsInvalid PrimaryIsNotTheChoosenAdapter GetVideoDriverDetailsInvalid PrimaryIsNotTheChoosenAdapter GetVideoDriverDetailsInvalid PrimaryIsNotTheChoosenAdapter GetVideoDriverDetailsInvalid PrimaryIsNotTheChoosenAdapter GetVideoDriverDetailsInvalid PrimaryIsNotTheChoosenAdapter GetVideoDriverDetailsInvalid PrimaryIsNotTheChoosenAdapter FoundDriverCount:0 
[2018.02.11-09.51.31:727][  0]LogD3D11RHI:     Adapter Name: NVIDIA GeForce GTX 1080
[2018.02.11-09.51.31:727][  0]LogD3D11RHI:   Driver Version: Unknown (internal:Unknown, unified:Unknown)
[2018.02.11-09.51.31:727][  0]LogD3D11RHI:      Driver Date: Unknown
[2018.02.11-09.51.31:727][  0]LogRHI: Texture pool is 5655 MB (70% of 8079 MB)
[2018.02.11-09.51.31:768][  0]LogD3D11RHI: Async texture creation enabled
[2018.02.11-09.51.31:802][  0]LogD3D11RHI: GPU Timing Frequency: 1000.000000 (Debug: 2 2)
[2018.02.11-09.51.31:856][  0]LogShaderCompilers: Guid format shader working directory is -19 characters bigger than the processId version (../../../../../../Users/ace/Documents/Unreal Projects/Karakara/Intermediate/Shaders/WorkingDirectory/18004/).
[2018.02.11-09.51.31:856][  0]LogShaderCompilers: Cleaned the shader compiler working directory 'C:/Users/ace/AppData/Local/Temp/UnrealShaderWorkingDir/2158056C47F08D03171147AD00192884/'.
[2018.02.11-09.51.31:857][  0]LogShaderCompilers: Display: Using Local Shader Compiler.
[2018.02.11-09.51.35:397][  0]LogTemp: Display: Loaded TP AllDesktopTargetPlatform
[2018.02.11-09.51.35:495][  0]LogTemp: Display: Loaded TP MacClientTargetPlatform
[2018.02.11-09.51.35:592][  0]LogTemp: Display: Loaded TP MacNoEditorTargetPlatform
[2018.02.11-09.51.35:700][  0]LogTemp: Display: Loaded TP MacServerTargetPlatform
[2018.02.11-09.51.35:825][  0]LogTemp: Display: Loaded TP MacTargetPlatform
[2018.02.11-09.51.35:931][  0]LogTemp: Display: Loaded TP WindowsClientTargetPlatform
[2018.02.11-09.51.36:050][  0]LogTemp: Display: Loaded TP WindowsNoEditorTargetPlatform
[2018.02.11-09.51.36:154][  0]LogTemp: Display: Loaded TP WindowsServerTargetPlatform
[2018.02.11-09.51.36:245][  0]LogTemp: Display: Loaded TP WindowsTargetPlatform
[2018.02.11-09.51.36:348][  0]LogTemp: Display: Loaded TP Android_ASTCTargetPlatform
[2018.02.11-09.51.36:444][  0]LogTemp: Display: Loaded TP Android_ATCTargetPlatform
[2018.02.11-09.51.36:546][  0]LogTemp: Display: Loaded TP Android_DXTTargetPlatform
[2018.02.11-09.51.36:650][  0]LogTemp: Display: Loaded TP Android_ETC1TargetPlatform
[2018.02.11-09.51.36:746][  0]LogTemp: Display: Loaded TP Android_ETC2TargetPlatform
[2018.02.11-09.51.36:949][  0]LogTemp: Display: Loaded TP Android_MultiTargetPlatform
[2018.02.11-09.51.36:949][  0]LogTemp: Display: Loaded TP Android_PVRTCTargetPlatform
[2018.02.11-09.51.37:054][  0]LogTemp: Display: Loaded TP AndroidTargetPlatform
[2018.02.11-09.51.37:136][  0]LogTemp: Display: Loaded TP HTML5TargetPlatform
[2018.02.11-09.51.37:302][  0]LogTemp: Display: Loaded TP IOSTargetPlatform
[2018.02.11-09.51.37:351][  0]LogTemp: Display: Loaded TP TVOSTargetPlatform
[2018.02.11-09.51.37:449][  0]LogTemp: Display: Loaded TP LinuxClientTargetPlatform
[2018.02.11-09.51.37:548][  0]LogTemp: Display: Loaded TP LinuxNoEditorTargetPlatform
[2018.02.11-09.51.37:645][  0]LogTemp: Display: Loaded TP LinuxServerTargetPlatform
[2018.02.11-09.51.37:753][  0]LogTemp: Display: Loaded TP LinuxTargetPlatform
[2018.02.11-09.51.37:753][  0]LogTargetPlatformManager: Display: Building Assets For Windows
[2018.02.11-09.51.38:812][  0]LogDerivedDataCache: Display: Max Cache Size: 512 MB
[2018.02.11-09.51.39:326][  0]LogDerivedDataCache: Loaded boot cache 0.51s 78MB C:/Users/ace/AppData/Local/UnrealEngine/4.18/DerivedDataCache/Boot.ddc.
[2018.02.11-09.51.39:326][  0]LogDerivedDataCache: Display: Loaded Boot cache: C:/Users/ace/AppData/Local/UnrealEngine/4.18/DerivedDataCache/Boot.ddc
[2018.02.11-09.51.39:326][  0]LogDerivedDataCache: FDerivedDataBackendGraph:  Pak pak cache file ../../../../../../Users/ace/Documents/Unreal Projects/Karakara/DerivedDataCache/DDC.ddp not found, will not use a pak cache.
[2018.02.11-09.51.39:326][  0]LogDerivedDataCache: Unable to find inner node Pak for hierarchical cache Hierarchy.
[2018.02.11-09.51.39:326][  0]LogDerivedDataCache: FDerivedDataBackendGraph:  CompressedPak pak cache file ../../../../../../Users/ace/Documents/Unreal Projects/Karakara/DerivedDataCache/Compressed.ddp not found, will not use a pak cache.
[2018.02.11-09.51.39:326][  0]LogDerivedDataCache: Unable to find inner node CompressedPak for hierarchical cache Hierarchy.
[2018.02.11-09.51.39:365][  0]LogDerivedDataCache: Display: Pak cache opened for reading ../../../Engine/DerivedDataCache/Compressed.ddp.
[2018.02.11-09.51.39:378][  0]LogDerivedDataCache: Using Local data cache path C:/Users/ace/AppData/Local/UnrealEngine/Common/DerivedDataCache: Writable
[2018.02.11-09.51.39:400][  0]LogMaterial: Verifying Global Shaders for PCD3D_SM5
[2018.02.11-09.51.39:405][  0]LogSlate: Using Freetype 2.6.0
[2018.02.11-09.51.39:428][  0]LogSlate: SlateFontCache - WITH_FREETYPE: 1, WITH_HARFBUZZ: 1
[2018.02.11-09.51.39:428][  0]LogSlate: SlateFontCache - WITH_FREETYPE: 1, WITH_HARFBUZZ: 1
[2018.02.11-09.51.40:686][  0]LogInit: Selected Device Profile: [Windows]
[2018.02.11-09.51.41:709][  0]LogSimplygon: Simplygon DLL not present - disabling.
[2018.02.11-09.51.41:799][  0]LogMeshReduction: Using SimplygonSwarm for distributed automatic mesh merging
[2018.02.11-09.51.41:800][  0]LogMeshReduction: Using QuadricMeshReduction for automatic static mesh reduction
[2018.02.11-09.51.41:800][  0]LogMeshReduction: No automatic skeletal mesh reduction module available
[2018.02.11-09.51.41:800][  0]LogMeshReduction: No automatic mesh merging module available
[2018.02.11-09.51.41:800][  0]LogMeshMerging: No automatic mesh merging module available
[2018.02.11-09.51.41:892][  0]LogNetVersion: Karakara , NetCL: 3709383, EngineNetVer: 2, GameNetVer: 0 (Checksum: 1382071770)
[2018.02.11-09.51.42:496][  0]LogAssetRegistry: FAssetRegistry took 0.0319 seconds to start up
[2018.02.11-09.51.44:231][  0]LogPackageLocalizationCache: Processed 7 localized package path(s) for 2 prioritized culture(s) in 0.128373 seconds
[2018.02.11-09.51.44:239][  0]LogUObjectArray: 35870 objects as part of root set at end of initial load.
[2018.02.11-09.51.44:239][  0]LogUObjectAllocator: 7363696 out of 0 bytes used by permanent object pool.
[2018.02.11-09.51.44:239][  0]LogUObjectArray: CloseDisregardForGC: 0/0 objects in disregard for GC pool
[2018.02.11-09.51.44:346][  0]LogInit: WinSock: version 1.1 (2.2), MaxSocks=32767, MaxUdp=65467
[2018.02.11-09.51.53:289][  0]LogTcpMessaging: Initializing TcpMessaging bridge
[2018.02.11-09.51.53:357][  0]LogUdpMessaging: Initializing bridge on interface 0.0.0.0:0 to multicast group 230.0.0.1:6666.
[2018.02.11-09.51.54:850][  0]LogMaterial: Uniform references updated for custom material expression Custom.
[2018.02.11-09.51.55:811][  0]SourceControl: Source control is disabled
[2018.02.11-09.51.55:813][  0]SourceControl: Source control is disabled
[2018.02.11-09.51.55:924][  0]SourceControl: Source control is disabled
[2018.02.11-09.51.56:051][  0]SourceControl: Source control is disabled
[2018.02.11-09.51.57:760][  0]LogAndroidPermission: UAndroidPermissionCallbackProxy::GetInstance
[2018.02.11-09.51.58:297][  0]LogOcInput: OculusInput pre-init called
[2018.02.11-09.51.58:899][  0]LogEngine: Initializing Engine...
[2018.02.11-09.51.59:001][  0]LogHMD: Failed to initialize OpenVR with code 105
[2018.02.11-09.51.59:661][  0]LogStats: UGameplayTagsManager::ConstructGameplayTagTree: Construct from data asset -  0.000 s
[2018.02.11-09.51.59:661][  0]LogStats: UGameplayTagsManager::ConstructGameplayTagTree: GameplayTagTreeChangedEvent.Broadcast -  0.000 s
[2018.02.11-09.51.59:941][  0]LogAIModule: Creating AISystem for world Untitled
[2018.02.11-09.52.00:022][  0]LogInit: XAudio2 using 'SyncMaster (NVIDIA High Definition Audio)' : 2 channels at 48 kHz using 16 bits per sample (channel mask 0x3)
[2018.02.11-09.52.00:048][  0]LogInit: FAudioDevice initialized.
[2018.02.11-09.52.00:174][  0]LogDerivedDataCache: Saved boot cache 0.13s 78MB C:/Users/ace/AppData/Local/UnrealEngine/4.18/DerivedDataCache/Boot.ddc.
[2018.02.11-09.52.00:201][  0]LogInit: Texture streaming: Enabled
[2018.02.11-09.52.00:407][  0]LogEngineSessionManager: EngineSessionManager initialized
[2018.02.11-09.52.00:678][  0]LogInit: Transaction tracking system initialized
[2018.02.11-09.52.01:362][  0]BlueprintLog: New page: Editor Load
[2018.02.11-09.52.03:300][  0]LocalizationService: Localization service is disabled
[2018.02.11-09.52.04:877][  0]LogConsoleResponse: Display: 
[2018.02.11-09.52.05:698][  0]LogCook: Display: Max memory allowance for cook 16384mb min free memory 0mb
[2018.02.11-09.52.05:699][  0]LogCook: Display: Mobile HDR setting 1
[2018.02.11-09.52.05:699][  0]LogGameplayTags: Display: UGameplayTagsManager::DoneAddingNativeTags. DelegateIsBound: 0
[2018.02.11-09.52.06:506][  0]LogFileCache: Scanning file cache for directory 'C:/Users/ace/Documents/Unreal Projects/Karakara/Content/' took 0.02s
[2018.02.11-09.52.08:242][  0]SourceControl: Source control is disabled
[2018.02.11-09.52.08:244][  0]Cmd: MAP LOAD FILE="../../../../../../Users/ace/Documents/Unreal Projects/Karakara/Content/ThirdPersonBP/Maps/ThirdPersonExampleMap.umap" TEMPLATE=0 SHOWPROGRESS=1 FEATURELEVEL=3
[2018.02.11-09.52.08:245][  0]LightingResults: New page: Lighting Build
[2018.02.11-09.52.08:333][  0]MapCheck: New page: Map Check
[2018.02.11-09.52.08:333][  0]LightingResults: New page: Lighting Build
[2018.02.11-09.52.09:719][  0]LogAIModule: Creating AISystem for world ThirdPersonExampleMap
[2018.02.11-09.52.09:759][  0]LogEditorServer: Finished looking for orphan Actors (0.000 secs)
[2018.02.11-09.52.09:782][  0]Cmd: MAP CHECKDEP NOCLEARLOG
[2018.02.11-09.52.09:874][  0]MapCheck: Map check complete: 0 Error(s), 0 Warning(s), took 91.973ms to complete.
[2018.02.11-09.52.09:874][  0]LogFileHelpers: Loading map 'ThirdPersonExampleMap' took 1.631
[2018.02.11-09.52.10:187][  0]LogCollectionManager: Loaded 0 collections in 0.002054 seconds
[2018.02.11-09.52.10:329][  0]LogFileCache: Scanning file cache for directory 'C:/Users/ace/Documents/Unreal Projects/Karakara/Saved/Collections/' took 0.01s
[2018.02.11-09.52.10:329][  0]LogFileCache: Scanning file cache for directory 'C:/Users/ace/Documents/Unreal Projects/Karakara/Content/Developers/ace/Collections/' took 0.01s
[2018.02.11-09.52.10:329][  0]LogFileCache: Scanning file cache for directory 'C:/Users/ace/Documents/Unreal Projects/Karakara/Content/Collections/' took 0.01s
[2018.02.11-09.52.10:329][  0]LogCollectionManager: Rebuilt the GUID cache for 0 collections in 0.000001 seconds
[2018.02.11-09.52.10:349][  0]LogContentBrowser: Native class hierarchy populated in 0.0173 seconds. Added 2363 classes and 519 folders.
[2018.02.11-09.52.10:486][  0]LogContentBrowser: Native class hierarchy updated for 'WidgetCarousel' in 0.0004 seconds. Added 0 classes and 0 folders.
[2018.02.11-09.52.11:017][  0]LogContentBrowser: Native class hierarchy updated for 'AddContentDialog' in 0.0004 seconds. Added 0 classes and 0 folders.
[2018.02.11-09.52.11:113][  0]LogContentBrowser: Native class hierarchy updated for 'SceneOutliner' in 0.0005 seconds. Added 1 classes and 2 folders.
[2018.02.11-09.52.11:470][  0]LogContentBrowser: Native class hierarchy updated for 'HierarchicalLODOutliner' in 0.0004 seconds. Added 1 classes and 2 folders.
[2018.02.11-09.52.11:470][  0]LogLoad: (Engine Initialization) Total time: 51.51 seconds
[2018.02.11-09.52.11:470][  0]LogLoad: (Engine Initialization) Total Blueprint compile time: 0.00 seconds
[2018.02.11-09.52.11:470][  0]LogExternalProfiler: Found external profiler: VSPerf
[2018.02.11-09.52.11:470][  0]LogExternalProfiler: Using external profiler: VSPerf
[2018.02.11-09.52.11:836][  0]LogContentStreaming: Texture pool size now 1000 MB
[2018.02.11-09.52.11:845][  0]LogSlate: Took 0.006031 seconds to synchronously load lazily loaded font '../../../Engine/Content/Slate/Fonts/Roboto-Regular.ttf' (155K)
[2018.02.11-09.52.11:855][  0]LogSlate: Took 0.007410 seconds to synchronously load lazily loaded font '../../../Engine/Content/Slate/Fonts/Roboto-Bold.ttf' (160K)
[2018.02.11-09.52.11:869][  0]LogSlate: Took 0.006758 seconds to synchronously load lazily loaded font '../../../Engine/Content/Editor/Slate/Fonts/FontAwesome.ttf' (139K)
[2018.02.11-09.52.12:206][  2]LogRenderer: Reallocating scene render targets to support 804x360 Format 10 NumSamples 1 (Frame:1).
[2018.02.11-09.52.12:483][  2]LogAssetRegistry: Asset discovery search completed in 30.0100 seconds
[2018.02.11-09.52.12:486][  2]LogCollectionManager: Rebuilt the object cache for 0 collections in 0.000001 seconds (found 0 objects)
[2018.02.11-09.52.12:486][  2]LogCollectionManager: Fixed up redirectors for 0 collections in 0.000098 seconds (updated 0 objects)
[2018.02.11-09.52.12:833][  3]LogSlate: Took 0.006490 seconds to synchronously load lazily loaded font '../../../Engine/Content/Slate/Fonts/Roboto-Light.ttf' (159K)
[2018.02.11-09.52.16:153][ 13]LogSlate: Took 0.000365 seconds to synchronously load lazily loaded font '../../../Engine/Content/Slate/Fonts/Roboto-Light.ttf' (159K)
[2018.02.11-09.52.53:610][516]LogRenderer: Reallocating scene render targets to support 1208x576 Format 10 NumSamples 1 (Frame:405).
[2018.02.11-09.53.01:692][297]LogSlate: Took 0.000192 seconds to synchronously load lazily loaded font '../../../Engine/Content/Slate/Fonts/Roboto-Light.ttf' (159K)
[2018.02.11-09.53.02:343][297]LogContentBrowser: Native class hierarchy updated for 'BlueprintGraph' in 0.0007 seconds. Added 116 classes and 0 folders.
[2018.02.11-09.53.03:919][297]LogContentBrowser: Native class hierarchy updated for 'SkeletonEditor' in 0.0003 seconds. Added 1 classes and 2 folders.
[2018.02.11-09.53.04:361][297]LogActorComponent: RegisterComponentWithWorld: (/Engine/Transient.World_2:PersistentLevel.Actor_0.DebugSkelMeshComponent_0) Already registered. Aborting.
[2018.02.11-09.53.04:808][297]LogSkeletalMesh: USkeletalMeshComponent::InitArticulated : Bodies already created (/Engine/Transient.World_2:PersistentLevel.Actor_0.DebugSkelMeshComponent_0) - call TermArticulated first.
[2018.02.11-09.53.05:292][297]LogSlate: Took 0.006525 seconds to synchronously load lazily loaded font '../../../Engine/Content/Editor/Slate/Fonts/Roboto-BoldCondensed.ttf' (158K)
[2018.02.11-09.53.05:494][297]LogContentBrowser: Native class hierarchy updated for 'ClothingSystemEditorInterface' in 0.0003 seconds. Added 1 classes and 0 folders.
[2018.02.11-09.53.05:582][297]LogContentBrowser: Verbose: The majority of assets in the view are of type: AnimSequence
[2018.02.11-09.53.18:422][972]LogSlate: Took 0.008866 seconds to synchronously load lazily loaded font '../../../Engine/Content/Editor/Slate/Fonts/Roboto-Italic.ttf' (157K)
[2018.02.11-09.56.55:248][230]LogTemp: Repeating last play command: New Editor Window (PIE)
[2018.02.11-09.56.55:341][230]LogBlueprintUserMessages: Early PlayInEditor Detection: Level '/Game/ThirdPersonBP/Maps/ThirdPersonExampleMap.ThirdPersonExampleMap:PersistentLevel' has LevelScriptBlueprint '/Game/ThirdPersonBP/Maps/ThirdPersonExampleMap.ThirdPersonExampleMap:PersistentLevel.ThirdPersonExampleMap' with GeneratedClass '/Game/ThirdPersonBP/Maps/ThirdPersonExampleMap.ThirdPersonExampleMap_C' with ClassGeneratedBy '/Game/ThirdPersonBP/Maps/ThirdPersonExampleMap.ThirdPersonExampleMap:PersistentLevel.ThirdPersonExampleMap'
[2018.02.11-09.56.55:344][230]LogPlayLevel: PlayLevel: No blueprints needed recompiling
[2018.02.11-09.56.55:359][230]PIE: New page: PIE session: ThirdPersonExampleMap (Feb 11, 2018, 1:56:55 PM)
[2018.02.11-09.56.55:360][230]LogPlayLevel: Creating play world package: /Game/ThirdPersonBP/Maps/UEDPIE_0_ThirdPersonExampleMap
[2018.02.11-09.56.55:410][230]LogPlayLevel: PIE: StaticDuplicateObject took: (0.050029s)
[2018.02.11-09.56.55:412][230]LogAIModule: Creating AISystem for world ThirdPersonExampleMap
[2018.02.11-09.56.55:413][230]LogPlayLevel: PIE: World Init took: (0.002952s)
[2018.02.11-09.56.55:414][230]LogPlayLevel: PIE: Created PIE world by copying editor world from /Game/ThirdPersonBP/Maps/ThirdPersonExampleMap.ThirdPersonExampleMap to /Game/ThirdPersonBP/Maps/UEDPIE_0_ThirdPersonExampleMap.ThirdPersonExampleMap (0.053839s)
[2018.02.11-09.56.55:496][230]LogInit: XAudio2 using 'SyncMaster (NVIDIA High Definition Audio)' : 2 channels at 48 kHz using 16 bits per sample (channel mask 0x3)
[2018.02.11-09.56.55:512][230]LogInit: FAudioDevice initialized.
[2018.02.11-09.56.55:598][230]LogLoad: Game class is 'ThirdPersonGameMode_C'
[2018.02.11-09.56.55:603][230]LogWorld: Bringing World /Game/ThirdPersonBP/Maps/UEDPIE_0_ThirdPersonExampleMap.ThirdPersonExampleMap up for play (max tick rate 0) at 2018.02.11-11.56.55
[2018.02.11-09.56.55:605][230]LogWorld: Bringing up level for play took: 0.005834
[2018.02.11-09.56.55:705][230]LogContentBrowser: Native class hierarchy updated for 'MovieSceneCapture' in 0.0005 seconds. Added 11 classes and 0 folders.
[2018.02.11-09.56.55:716][230]PIE: Play in editor start time for /Game/ThirdPersonBP/Maps/UEDPIE_0_ThirdPersonExampleMap -0.264
[2018.02.11-09.56.55:718][230]LogBlueprintUserMessages: Late PlayInEditor Detection: Level '/Game/ThirdPersonBP/Maps/ThirdPersonExampleMap.ThirdPersonExampleMap:PersistentLevel' has LevelScriptBlueprint '/Game/ThirdPersonBP/Maps/ThirdPersonExampleMap.ThirdPersonExampleMap:PersistentLevel.ThirdPersonExampleMap' with GeneratedClass '/Game/ThirdPersonBP/Maps/ThirdPersonExampleMap.ThirdPersonExampleMap_C' with ClassGeneratedBy '/Game/ThirdPersonBP/Maps/ThirdPersonExampleMap.ThirdPersonExampleMap:PersistentLevel.ThirdPersonExampleMap'
[2018.02.11-09.56.55:766][230]LogRenderer: Reallocating scene render targets to support 1292x756 Format 10 NumSamples 1 (Frame:1).
[2018.02.11-09.57.12:067][567]Cmd: SELECT NONE
[2018.02.11-09.57.13:527][698]LogBlueprintUserMessages: Early EndPlayMap Detection: Level '/Game/ThirdPersonBP/Maps/ThirdPersonExampleMap.ThirdPersonExampleMap:PersistentLevel' has LevelScriptBlueprint '/Game/ThirdPersonBP/Maps/ThirdPersonExampleMap.ThirdPersonExampleMap:PersistentLevel.ThirdPersonExampleMap' with GeneratedClass '/Game/ThirdPersonBP/Maps/ThirdPersonExampleMap.ThirdPersonExampleMap_C' with ClassGeneratedBy '/Game/ThirdPersonBP/Maps/ThirdPersonExampleMap.ThirdPersonExampleMap:PersistentLevel.ThirdPersonExampleMap'
[2018.02.11-09.57.13:645][698]LogBlueprintUserMessages: Late EndPlayMap Detection: Level '/Game/ThirdPersonBP/Maps/ThirdPersonExampleMap.ThirdPersonExampleMap:PersistentLevel' has LevelScriptBlueprint '/Game/ThirdPersonBP/Maps/ThirdPersonExampleMap.ThirdPersonExampleMap:PersistentLevel.ThirdPersonExampleMap' with GeneratedClass '/Game/ThirdPersonBP/Maps/ThirdPersonExampleMap.ThirdPersonExampleMap_C' with ClassGeneratedBy '/Game/ThirdPersonBP/Maps/ThirdPersonExampleMap.ThirdPersonExampleMap:PersistentLevel.ThirdPersonExampleMap'
[2018.02.11-10.02.13:347][580]LogWindowsTextInputMethodSystem: Display: IME system now deactivated.
[2018.02.11-10.02.13:347][580]LogWindowsTextInputMethodSystem: Display: IME system now deactivated.
[2018.02.11-10.03.02:107][701]LogEditorTransaction: Undo Move Node
[2018.02.11-10.03.02:297][701]LogActorComponent: RegisterComponentWithWorld: (/Engine/Transient.World_2:PersistentLevel.Actor_0.DebugSkelMeshComponent_0) Already registered. Aborting.
[2018.02.11-10.03.03:617][827]LogEditorTransaction: Undo Add Node
[2018.02.11-10.03.03:798][827]LogActorComponent: RegisterComponentWithWorld: (/Engine/Transient.World_2:PersistentLevel.Actor_0.DebugSkelMeshComponent_0) Already registered. Aborting.
[2018.02.11-10.03.14:934][ 96]LogEditorTransaction: Undo Move Node
[2018.02.11-10.03.15:112][ 96]LogActorComponent: RegisterComponentWithWorld: (/Engine/Transient.World_2:PersistentLevel.Actor_0.DebugSkelMeshComponent_0) Already registered. Aborting.
[2018.02.11-10.03.15:760][152]LogEditorTransaction: Undo Change Number Pin Value
[2018.02.11-10.03.15:948][152]LogActorComponent: RegisterComponentWithWorld: (/Engine/Transient.World_2:PersistentLevel.Actor_0.DebugSkelMeshComponent_0) Already registered. Aborting.
[2018.02.11-10.03.16:600][215]LogEditorTransaction: Undo Change Number Pin Value
[2018.02.11-10.03.16:793][215]LogActorComponent: RegisterComponentWithWorld: (/Engine/Transient.World_2:PersistentLevel.Actor_0.DebugSkelMeshComponent_0) Already registered. Aborting.
[2018.02.11-10.03.17:490][286]LogEditorTransaction: Undo Move Node
[2018.02.11-10.03.17:676][286]LogActorComponent: RegisterComponentWithWorld: (/Engine/Transient.World_2:PersistentLevel.Actor_0.DebugSkelMeshComponent_0) Already registered. Aborting.
[2018.02.11-10.03.18:345][352]LogEditorTransaction: Undo Add Node
[2018.02.11-10.03.18:521][352]LogActorComponent: RegisterComponentWithWorld: (/Engine/Transient.World_2:PersistentLevel.Actor_0.DebugSkelMeshComponent_0) Already registered. Aborting.
[2018.02.11-10.04.03:161][740]LogSavePackage: Save=234.63ms
[2018.02.11-10.04.03:161][740]LogSavePackage: Moving '../../../../../../Users/ace/Documents/Unreal Projects/Karakara/Saved/ThirdPersonExampleMap_Auto12018DF894512926E849D449E5C16C798.tmp' to '../../../../../../Users/ace/Documents/Unreal Projects/Karakara/Saved/Autosaves/Game/ThirdPersonBP/Maps/ThirdPersonExampleMap_Auto1.umap'
[2018.02.11-10.04.03:163][740]LogSavePackage: Display: Finished SavePackage ../../../../../../Users/ace/Documents/Unreal Projects/Karakara/Saved/Autosaves/Game/ThirdPersonBP/Maps/ThirdPersonExampleMap_Auto1.umap
[2018.02.11-10.04.03:167][740]LogFileHelpers: Editor autosave (incl. sublevels) for '/Game/ThirdPersonBP/Maps/ThirdPersonExampleMap' took 0.297
[2018.02.11-10.04.03:167][740]LogFileHelpers: Editor autosave (incl. sublevels) for all levels took 0.297
[2018.02.11-10.04.03:170][740]OBJ SavePackage: Generating thumbnails for [1] asset(s) in package [/Game/ThirdPersonBP/Blueprints/ThirdPersonCharacter] ([1] browsable assets)...
[2018.02.11-10.04.03:203][740]OBJ SavePackage:     Rendered thumbnail for [Blueprint /Game/ThirdPersonBP/Blueprints/ThirdPersonCharacter.ThirdPersonCharacter]
[2018.02.11-10.04.03:203][740]OBJ SavePackage: Finished generating thumbnails for package [/Game/ThirdPersonBP/Blueprints/ThirdPersonCharacter]
[2018.02.11-10.04.03:371][740]LogSavePackage: Save=156.04ms
[2018.02.11-10.04.03:372][740]LogSavePackage: Moving '../../../../../../Users/ace/Documents/Unreal Projects/Karakara/Saved/ThirdPersonCharacter_Auto1237063D4463B553D9CE4B794685FFE87.tmp' to '../../../../../../Users/ace/Documents/Unreal Projects/Karakara/Saved/Autosaves/Game/ThirdPersonBP/Blueprints/ThirdPersonCharacter_Auto1.uasset'
[2018.02.11-10.04.03:375][740]LogSavePackage: Display: Finished SavePackage ../../../../../../Users/ace/Documents/Unreal Projects/Karakara/Saved/Autosaves/Game/ThirdPersonBP/Blueprints/ThirdPersonCharacter_Auto1.uasset
[2018.02.11-10.04.03:375][740]LogFileHelpers: Auto-saving content packages took 0.206
[2018.02.11-10.06.46:733][879]LogActorComponent: RegisterComponentWithWorld: (/Engine/Transient.World_9:PersistentLevel.Actor_1.DebugSkelMeshComponent_2) Already registered. Aborting.
[2018.02.11-10.06.47:102][880]LogRenderer: Reallocating scene render targets to support 1292x888 Format 10 NumSamples 1 (Frame:1).
[2018.02.11-10.11.00:721][383]LogSelectionDetails: Warning: NavigateToFunctionSource:  Unable to find symbols for 'AActor::K2_AttachToActor' [Element not found.]
[2018.02.11-10.11.09:702][905]LogEditorTransaction: Undo Move Node
[2018.02.11-10.11.10:002][905]LogActorComponent: RegisterComponentWithWorld: (/Engine/Transient.World_2:PersistentLevel.Actor_0.DebugSkelMeshComponent_0) Already registered. Aborting.
[2018.02.11-10.11.10:005][905]LogActorComponent: RegisterComponentWithWorld: (/Engine/Transient.World_9:PersistentLevel.Actor_1.DebugSkelMeshComponent_2) Already registered. Aborting.
[2018.02.11-10.11.10:800][965]LogEditorTransaction: Undo Move Node
[2018.02.11-10.11.11:088][965]LogActorComponent: RegisterComponentWithWorld: (/Engine/Transient.World_2:PersistentLevel.Actor_0.DebugSkelMeshComponent_0) Already registered. Aborting.
[2018.02.11-10.11.11:090][965]LogActorComponent: RegisterComponentWithWorld: (/Engine/Transient.World_9:PersistentLevel.Actor_1.DebugSkelMeshComponent_2) Already registered. Aborting.
[2018.02.11-10.11.11:538][  0]LogEditorTransaction: Undo Move Node
[2018.02.11-10.11.11:833][  0]LogActorComponent: RegisterComponentWithWorld: (/Engine/Transient.World_2:PersistentLevel.Actor_0.DebugSkelMeshComponent_0) Already registered. Aborting.
[2018.02.11-10.11.11:836][  0]LogActorComponent: RegisterComponentWithWorld: (/Engine/Transient.World_9:PersistentLevel.Actor_1.DebugSkelMeshComponent_2) Already registered. Aborting.
[2018.02.11-10.11.12:248][ 31]LogEditorTransaction: Undo Add Node
[2018.02.11-10.11.12:540][ 31]LogActorComponent: RegisterComponentWithWorld: (/Engine/Transient.World_2:PersistentLevel.Actor_0.DebugSkelMeshComponent_0) Already registered. Aborting.
[2018.02.11-10.11.12:542][ 31]LogActorComponent: RegisterComponentWithWorld: (/Engine/Transient.World_9:PersistentLevel.Actor_1.DebugSkelMeshComponent_2) Already registered. Aborting.
[2018.02.11-10.13.09:154][822]LogTemp: Repeating last play command: New Editor Window (PIE)
[2018.02.11-10.13.09:171][822]LogBlueprintUserMessages: Early PlayInEditor Detection: Level '/Game/ThirdPersonBP/Maps/ThirdPersonExampleMap.ThirdPersonExampleMap:PersistentLevel' has LevelScriptBlueprint '/Game/ThirdPersonBP/Maps/ThirdPersonExampleMap.ThirdPersonExampleMap:PersistentLevel.ThirdPersonExampleMap' with GeneratedClass '/Game/ThirdPersonBP/Maps/ThirdPersonExampleMap.ThirdPersonExampleMap_C' with ClassGeneratedBy '/Game/ThirdPersonBP/Maps/ThirdPersonExampleMap.ThirdPersonExampleMap:PersistentLevel.ThirdPersonExampleMap'
[2018.02.11-10.13.09:172][822]BlueprintLog: New page: Pre-Play auto-recompile
[2018.02.11-10.13.09:205][822]LogPlayLevel: [PlayLevel] Compiling ThirdPersonCharacter before play...
[2018.02.11-10.13.09:771][822]LogPlayLevel: PlayLevel: Blueprint regeneration took 599 ms (1 blueprints)
[2018.02.11-10.13.09:772][822]PIE: New page: PIE session: ThirdPersonExampleMap (Feb 11, 2018, 2:13:09 PM)
[2018.02.11-10.13.09:772][822]LogPlayLevel: Creating play world package: /Game/ThirdPersonBP/Maps/UEDPIE_0_ThirdPersonExampleMap
[2018.02.11-10.13.09:793][822]LogPlayLevel: PIE: StaticDuplicateObject took: (0.021464s)
[2018.02.11-10.13.09:794][822]LogAIModule: Creating AISystem for world ThirdPersonExampleMap
[2018.02.11-10.13.09:794][822]LogPlayLevel: PIE: World Init took: (0.001164s)
[2018.02.11-10.13.09:795][822]LogPlayLevel: PIE: Created PIE world by copying editor world from /Game/ThirdPersonBP/Maps/ThirdPersonExampleMap.ThirdPersonExampleMap to /Game/ThirdPersonBP/Maps/UEDPIE_0_ThirdPersonExampleMap.ThirdPersonExampleMap (0.023002s)
[2018.02.11-10.13.09:837][822]LogInit: XAudio2 using 'SyncMaster (NVIDIA High Definition Audio)' : 2 channels at 48 kHz using 16 bits per sample (channel mask 0x3)
[2018.02.11-10.13.09:845][822]LogInit: FAudioDevice initialized.
[2018.02.11-10.13.09:890][822]LogLoad: Game class is 'ThirdPersonGameMode_C'
[2018.02.11-10.13.09:894][822]LogWorld: Bringing World /Game/ThirdPersonBP/Maps/UEDPIE_0_ThirdPersonExampleMap.ThirdPersonExampleMap up for play (max tick rate 0) at 2018.02.11-12.13.09
[2018.02.11-10.13.09:895][822]LogWorld: Bringing up level for play took: 0.003234
[2018.02.11-10.13.09:898][822]PIE: Play in editor start time for /Game/ThirdPersonBP/Maps/UEDPIE_0_ThirdPersonExampleMap -0.082
[2018.02.11-10.13.09:898][822]LogBlueprintUserMessages: Late PlayInEditor Detection: Level '/Game/ThirdPersonBP/Maps/ThirdPersonExampleMap.ThirdPersonExampleMap:PersistentLevel' has LevelScriptBlueprint '/Game/ThirdPersonBP/Maps/ThirdPersonExampleMap.ThirdPersonExampleMap:PersistentLevel.ThirdPersonExampleMap' with GeneratedClass '/Game/ThirdPersonBP/Maps/ThirdPersonExampleMap.ThirdPersonExampleMap_C' with ClassGeneratedBy '/Game/ThirdPersonBP/Maps/ThirdPersonExampleMap.ThirdPersonExampleMap:PersistentLevel.ThirdPersonExampleMap'
[2018.02.11-10.13.16:062][315]LogBlueprintUserMessages: Early EndPlayMap Detection: Level '/Game/ThirdPersonBP/Maps/ThirdPersonExampleMap.ThirdPersonExampleMap:PersistentLevel' has LevelScriptBlueprint '/Game/ThirdPersonBP/Maps/ThirdPersonExampleMap.ThirdPersonExampleMap:PersistentLevel.ThirdPersonExampleMap' with GeneratedClass '/Game/ThirdPersonBP/Maps/ThirdPersonExampleMap.ThirdPersonExampleMap_C' with ClassGeneratedBy '/Game/ThirdPersonBP/Maps/ThirdPersonExampleMap.ThirdPersonExampleMap:PersistentLevel.ThirdPersonExampleMap'
[2018.02.11-10.13.16:109][315]LogBlueprintUserMessages: Late EndPlayMap Detection: Level '/Game/ThirdPersonBP/Maps/ThirdPersonExampleMap.ThirdPersonExampleMap:PersistentLevel' has LevelScriptBlueprint '/Game/ThirdPersonBP/Maps/ThirdPersonExampleMap.ThirdPersonExampleMap:PersistentLevel.ThirdPersonExampleMap' with GeneratedClass '/Game/ThirdPersonBP/Maps/ThirdPersonExampleMap.ThirdPersonExampleMap_C' with ClassGeneratedBy '/Game/ThirdPersonBP/Maps/ThirdPersonExampleMap.ThirdPersonExampleMap:PersistentLevel.ThirdPersonExampleMap'
[2018.02.11-10.13.22:253][946]LogActorComponent: RegisterComponentWithWorld: (/Engine/Transient.World_11:PersistentLevel.Actor_2.DebugSkelMeshComponent_3) Already registered. Aborting.
[2018.02.11-10.13.30:308][717]BlueprintLog: New page: Compile ThirdPersonCharacter
[2018.02.11-10.13.31:611][756]LogSavePackage: Save=145.01ms
[2018.02.11-10.13.31:611][756]LogSavePackage: Moving '../../../../../../Users/ace/Documents/Unreal Projects/Karakara/Saved/ThirdPersonCharacter471A949645EEB4DD326E639DBCDCAC97.tmp' to '../../../../../../Users/ace/Documents/Unreal Projects/Karakara/Content/ThirdPersonBP/Blueprints/ThirdPersonCharacter.uasset'
[2018.02.11-10.13.31:617][756]LogSavePackage: Display: Finished SavePackage ../../../../../../Users/ace/Documents/Unreal Projects/Karakara/Content/ThirdPersonBP/Blueprints/ThirdPersonCharacter.uasset
[2018.02.11-10.13.36:163][243]LogRenderer: Reallocating scene render targets to support 1292x900 Format 10 NumSamples 1 (Frame:1).
[2018.02.11-10.13.46:357][394]LogActorComponent: RegisterComponentWithWorld: (/Engine/Transient.World_13:PersistentLevel.Actor_3.DebugSkelMeshComponent_4) Already registered. Aborting.
[2018.02.11-10.13.46:387][394]LogSkeletalMesh: USkeletalMeshComponent::InitArticulated : Bodies already created (/Engine/Transient.World_13:PersistentLevel.Actor_3.DebugSkelMeshComponent_4) - call TermArticulated first.
[2018.02.11-10.13.51:018][838]Cmd: TRANSACTION UNDO
[2018.02.11-10.13.51:018][838]LogEditorTransaction: Undo Create Pin Link
[2018.02.11-10.13.51:286][838]LogActorComponent: RegisterComponentWithWorld: (/Engine/Transient.World_2:PersistentLevel.Actor_0.DebugSkelMeshComponent_0) Already registered. Aborting.
[2018.02.11-10.13.51:288][838]LogActorComponent: RegisterComponentWithWorld: (/Engine/Transient.World_13:PersistentLevel.Actor_3.DebugSkelMeshComponent_4) Already registered. Aborting.
[2018.02.11-10.13.52:382][937]Cmd: TRANSACTION UNDO
[2018.02.11-10.13.52:382][937]LogEditorTransaction: Undo Move Node
[2018.02.11-10.13.52:643][937]LogActorComponent: RegisterComponentWithWorld: (/Engine/Transient.World_2:PersistentLevel.Actor_0.DebugSkelMeshComponent_0) Already registered. Aborting.
[2018.02.11-10.13.52:645][937]LogActorComponent: RegisterComponentWithWorld: (/Engine/Transient.World_13:PersistentLevel.Actor_3.DebugSkelMeshComponent_4) Already registered. Aborting.
[2018.02.11-10.14.49:652][ 86]LogSavePackage: Save=213.07ms
[2018.02.11-10.14.49:652][ 86]LogSavePackage: Moving '../../../../../../Users/ace/Documents/Unreal Projects/Karakara/Saved/ThirdPersonExampleMap_Auto2FC3D3A294B69AAE485CFFBBE87A78D0B.tmp' to '../../../../../../Users/ace/Documents/Unreal Projects/Karakara/Saved/Autosaves/Game/ThirdPersonBP/Maps/ThirdPersonExampleMap_Auto2.umap'
[2018.02.11-10.14.49:654][ 86]LogSavePackage: Display: Finished SavePackage ../../../../../../Users/ace/Documents/Unreal Projects/Karakara/Saved/Autosaves/Game/ThirdPersonBP/Maps/ThirdPersonExampleMap_Auto2.umap
[2018.02.11-10.14.49:657][ 86]LogFileHelpers: Editor autosave (incl. sublevels) for '/Game/ThirdPersonBP/Maps/ThirdPersonExampleMap' took 0.257
[2018.02.11-10.14.49:657][ 86]LogFileHelpers: Editor autosave (incl. sublevels) for all levels took 0.257
[2018.02.11-10.14.49:660][ 86]OBJ SavePackage: Generating thumbnails for [1] asset(s) in package [/Game/ThirdPersonBP/Blueprints/ThirdPersonCharacter] ([1] browsable assets)...
[2018.02.11-10.14.49:679][ 86]OBJ SavePackage:     Rendered thumbnail for [Blueprint /Game/ThirdPersonBP/Blueprints/ThirdPersonCharacter.ThirdPersonCharacter]
[2018.02.11-10.14.49:679][ 86]OBJ SavePackage: Finished generating thumbnails for package [/Game/ThirdPersonBP/Blueprints/ThirdPersonCharacter]
[2018.02.11-10.14.49:834][ 86]LogSavePackage: Save=149.48ms
[2018.02.11-10.14.49:834][ 86]LogSavePackage: Moving '../../../../../../Users/ace/Documents/Unreal Projects/Karakara/Saved/ThirdPersonCharacter_Auto2B5D722B94842AF604BDBAE88B4F9A5C2.tmp' to '../../../../../../Users/ace/Documents/Unreal Projects/Karakara/Saved/Autosaves/Game/ThirdPersonBP/Blueprints/ThirdPersonCharacter_Auto2.uasset'
[2018.02.11-10.14.49:836][ 86]LogSavePackage: Display: Finished SavePackage ../../../../../../Users/ace/Documents/Unreal Projects/Karakara/Saved/Autosaves/Game/ThirdPersonBP/Blueprints/ThirdPersonCharacter_Auto2.uasset
[2018.02.11-10.14.49:836][ 86]LogFileHelpers: Auto-saving content packages took 0.177
[2018.02.11-10.15.00:346][299]LogActorComponent: RegisterComponentWithWorld: (/Engine/Transient.World_14:PersistentLevel.Actor_4.DebugSkelMeshComponent_5) Already registered. Aborting.
[2018.02.11-10.15.00:378][299]LogSkeletalMesh: USkeletalMeshComponent::InitArticulated : Bodies already created (/Engine/Transient.World_14:PersistentLevel.Actor_4.DebugSkelMeshComponent_5) - call TermArticulated first.
[2018.02.11-10.17.28:405][344]LogActorComponent: RegisterComponentWithWorld: (/Engine/Transient.World_15:PersistentLevel.Actor_5.DebugSkelMeshComponent_6) Already registered. Aborting.
[2018.02.11-10.17.28:433][344]LogSkeletalMesh: USkeletalMeshComponent::InitArticulated : Bodies already created (/Engine/Transient.World_15:PersistentLevel.Actor_5.DebugSkelMeshComponent_6) - call TermArticulated first.
[2018.02.11-10.17.28:797][344]LogContentBrowser: Verbose: The majority of assets in the view are of type: AnimSequence
[2018.02.11-10.18.32:114][246]LogAnimationCompression: Building Anim DDC data for AnimSequence /Game/Mannequin/Animations/ThirdPersonJump_End.ThirdPersonJump_End
[2018.02.11-10.18.32:116][246]LogAnimationCompression: Recompressing (AnimSequence /Game/Mannequin/Animations/ThirdPersonJump_End.ThirdPersonJump_End) using current/default (AnimCompress_BitwiseCompressOnly_2) bFirstRecompressUsingCurrentOrDefault(1) bTryAlternateCompressor(0) IsCompressedDataValid(0)
[2018.02.11-10.18.47:763][928]Cmd: TRANSACTION UNDO
[2018.02.11-10.18.47:763][928]LogEditorTransaction: Undo Attach Assets to Skeleton
[2018.02.11-10.18.48:323][928]LogActorComponent: RegisterComponentWithWorld: (/Engine/Transient.World_2:PersistentLevel.Actor_0.DebugSkelMeshComponent_0) Already registered. Aborting.
[2018.02.11-10.18.48:326][928]LogActorComponent: RegisterComponentWithWorld: (/Engine/Transient.World_13:PersistentLevel.Actor_3.DebugSkelMeshComponent_4) Already registered. Aborting.
[2018.02.11-10.18.48:349][928]LogActorComponent: RegisterComponentWithWorld: (/Engine/Transient.World_15:PersistentLevel.Actor_5.DebugSkelMeshComponent_6) Already registered. Aborting.
[2018.02.11-10.18.58:017][770]LogActorComponent: RegisterComponentWithWorld: (/Engine/Transient.World_19:PersistentLevel.Actor_6.DebugSkelMeshComponent_9) Already registered. Aborting.
[2018.02.11-10.18.58:049][770]LogSkeletalMesh: USkeletalMeshComponent::InitArticulated : Bodies already created (/Engine/Transient.World_19:PersistentLevel.Actor_6.DebugSkelMeshComponent_9) - call TermArticulated first.
[2018.02.11-10.20.14:911][962]LogTemp: Repeating last play command: New Editor Window (PIE)
[2018.02.11-10.20.14:937][962]LogBlueprintUserMessages: Early PlayInEditor Detection: Level '/Game/ThirdPersonBP/Maps/ThirdPersonExampleMap.ThirdPersonExampleMap:PersistentLevel' has LevelScriptBlueprint '/Game/ThirdPersonBP/Maps/ThirdPersonExampleMap.ThirdPersonExampleMap:PersistentLevel.ThirdPersonExampleMap' with GeneratedClass '/Game/ThirdPersonBP/Maps/ThirdPersonExampleMap.ThirdPersonExampleMap_C' with ClassGeneratedBy '/Game/ThirdPersonBP/Maps/ThirdPersonExampleMap.ThirdPersonExampleMap:PersistentLevel.ThirdPersonExampleMap'
[2018.02.11-10.20.14:937][962]BlueprintLog: New page: Pre-Play auto-recompile
[2018.02.11-10.20.14:966][962]LogPlayLevel: [PlayLevel] Compiling ThirdPersonCharacter before play...
[2018.02.11-10.20.15:522][962]LogPlayLevel: PlayLevel: Blueprint regeneration took 584 ms (1 blueprints)
[2018.02.11-10.20.15:522][962]PIE: New page: PIE session: ThirdPersonExampleMap (Feb 11, 2018, 2:20:15 PM)
[2018.02.11-10.20.15:522][962]LogPlayLevel: Creating play world package: /Game/ThirdPersonBP/Maps/UEDPIE_0_ThirdPersonExampleMap
[2018.02.11-10.20.15:542][962]LogPlayLevel: PIE: StaticDuplicateObject took: (0.019921s)
[2018.02.11-10.20.15:543][962]LogAIModule: Creating AISystem for world ThirdPersonExampleMap
[2018.02.11-10.20.15:543][962]LogPlayLevel: PIE: World Init took: (0.000996s)
[2018.02.11-10.20.15:543][962]LogPlayLevel: PIE: Created PIE world by copying editor world from /Game/ThirdPersonBP/Maps/ThirdPersonExampleMap.ThirdPersonExampleMap to /Game/ThirdPersonBP/Maps/UEDPIE_0_ThirdPersonExampleMap.ThirdPersonExampleMap (0.021257s)
[2018.02.11-10.20.15:585][962]LogInit: XAudio2 using 'SyncMaster (NVIDIA High Definition Audio)' : 2 channels at 48 kHz using 16 bits per sample (channel mask 0x3)
[2018.02.11-10.20.15:594][962]LogInit: FAudioDevice initialized.
[2018.02.11-10.20.15:632][962]LogLoad: Game class is 'ThirdPersonGameMode_C'
[2018.02.11-10.20.15:635][962]LogWorld: Bringing World /Game/ThirdPersonBP/Maps/UEDPIE_0_ThirdPersonExampleMap.ThirdPersonExampleMap up for play (max tick rate 0) at 2018.02.11-12.20.15
[2018.02.11-10.20.15:636][962]LogWorld: Bringing up level for play took: 0.002731
[2018.02.11-10.20.15:639][962]PIE: Play in editor start time for /Game/ThirdPersonBP/Maps/UEDPIE_0_ThirdPersonExampleMap 1.659
[2018.02.11-10.20.15:639][962]LogBlueprintUserMessages: Late PlayInEditor Detection: Level '/Game/ThirdPersonBP/Maps/ThirdPersonExampleMap.ThirdPersonExampleMap:PersistentLevel' has LevelScriptBlueprint '/Game/ThirdPersonBP/Maps/ThirdPersonExampleMap.ThirdPersonExampleMap:PersistentLevel.ThirdPersonExampleMap' with GeneratedClass '/Game/ThirdPersonBP/Maps/ThirdPersonExampleMap.ThirdPersonExampleMap_C' with ClassGeneratedBy '/Game/ThirdPersonBP/Maps/ThirdPersonExampleMap.ThirdPersonExampleMap:PersistentLevel.ThirdPersonExampleMap'
[2018.02.11-10.20.22:962][750]LogBlueprintUserMessages: Early EndPlayMap Detection: Level '/Game/ThirdPersonBP/Maps/ThirdPersonExampleMap.ThirdPersonExampleMap:PersistentLevel' has LevelScriptBlueprint '/Game/ThirdPersonBP/Maps/ThirdPersonExampleMap.ThirdPersonExampleMap:PersistentLevel.ThirdPersonExampleMap' with GeneratedClass '/Game/ThirdPersonBP/Maps/ThirdPersonExampleMap.ThirdPersonExampleMap_C' with ClassGeneratedBy '/Game/ThirdPersonBP/Maps/ThirdPersonExampleMap.ThirdPersonExampleMap:PersistentLevel.ThirdPersonExampleMap'
[2018.02.11-10.20.23:014][750]LogBlueprintUserMessages: Late EndPlayMap Detection: Level '/Game/ThirdPersonBP/Maps/ThirdPersonExampleMap.ThirdPersonExampleMap:PersistentLevel' has LevelScriptBlueprint '/Game/ThirdPersonBP/Maps/ThirdPersonExampleMap.ThirdPersonExampleMap:PersistentLevel.ThirdPersonExampleMap' with GeneratedClass '/Game/ThirdPersonBP/Maps/ThirdPersonExampleMap.ThirdPersonExampleMap_C' with ClassGeneratedBy '/Game/ThirdPersonBP/Maps/ThirdPersonExampleMap.ThirdPersonExampleMap:PersistentLevel.ThirdPersonExampleMap'
[2018.02.11-10.20.28:781][235]LogTemp: Repeating last play command: New Editor Window (PIE)
[2018.02.11-10.20.28:805][235]LogBlueprintUserMessages: Early PlayInEditor Detection: Level '/Game/ThirdPersonBP/Maps/ThirdPersonExampleMap.ThirdPersonExampleMap:PersistentLevel' has LevelScriptBlueprint '/Game/ThirdPersonBP/Maps/ThirdPersonExampleMap.ThirdPersonExampleMap:PersistentLevel.ThirdPersonExampleMap' with GeneratedClass '/Game/ThirdPersonBP/Maps/ThirdPersonExampleMap.ThirdPersonExampleMap_C' with ClassGeneratedBy '/Game/ThirdPersonBP/Maps/ThirdPersonExampleMap.ThirdPersonExampleMap:PersistentLevel.ThirdPersonExampleMap'
[2018.02.11-10.20.28:805][235]BlueprintLog: New page: Pre-Play auto-recompile
[2018.02.11-10.20.28:833][235]LogPlayLevel: [PlayLevel] Compiling ThirdPersonCharacter before play...
[2018.02.11-10.20.29:486][235]LogPlayLevel: PlayLevel: Blueprint regeneration took 681 ms (1 blueprints)
[2018.02.11-10.20.29:487][235]PIE: New page: PIE session: ThirdPersonExampleMap (Feb 11, 2018, 2:20:29 PM)
[2018.02.11-10.20.29:487][235]LogPlayLevel: Creating play world package: /Game/ThirdPersonBP/Maps/UEDPIE_0_ThirdPersonExampleMap
[2018.02.11-10.20.29:506][235]LogPlayLevel: PIE: StaticDuplicateObject took: (0.019661s)
[2018.02.11-10.20.29:508][235]LogAIModule: Creating AISystem for world ThirdPersonExampleMap
[2018.02.11-10.20.29:508][235]LogPlayLevel: PIE: World Init took: (0.001145s)
[2018.02.11-10.20.29:508][235]LogPlayLevel: PIE: Created PIE world by copying editor world from /Game/ThirdPersonBP/Maps/ThirdPersonExampleMap.ThirdPersonExampleMap to /Game/ThirdPersonBP/Maps/UEDPIE_0_ThirdPersonExampleMap.ThirdPersonExampleMap (0.021254s)
[2018.02.11-10.20.29:550][235]LogInit: XAudio2 using 'SyncMaster (NVIDIA High Definition Audio)' : 2 channels at 48 kHz using 16 bits per sample (channel mask 0x3)
[2018.02.11-10.20.29:558][235]LogInit: FAudioDevice initialized.
[2018.02.11-10.20.29:598][235]LogLoad: Game class is 'ThirdPersonGameMode_C'
[2018.02.11-10.20.29:601][235]LogWorld: Bringing World /Game/ThirdPersonBP/Maps/UEDPIE_0_ThirdPersonExampleMap.ThirdPersonExampleMap up for play (max tick rate 0) at 2018.02.11-12.20.29
[2018.02.11-10.20.29:601][235]LogWorld: Bringing up level for play took: 0.002474
[2018.02.11-10.20.29:603][235]PIE: Play in editor start time for /Game/ThirdPersonBP/Maps/UEDPIE_0_ThirdPersonExampleMap 1.623
[2018.02.11-10.20.29:604][235]LogBlueprintUserMessages: Late PlayInEditor Detection: Level '/Game/ThirdPersonBP/Maps/ThirdPersonExampleMap.ThirdPersonExampleMap:PersistentLevel' has LevelScriptBlueprint '/Game/ThirdPersonBP/Maps/ThirdPersonExampleMap.ThirdPersonExampleMap:PersistentLevel.ThirdPersonExampleMap' with GeneratedClass '/Game/ThirdPersonBP/Maps/ThirdPersonExampleMap.ThirdPersonExampleMap_C' with ClassGeneratedBy '/Game/ThirdPersonBP/Maps/ThirdPersonExampleMap.ThirdPersonExampleMap:PersistentLevel.ThirdPersonExampleMap'
[2018.02.11-10.20.44:054][885]LogBlueprintUserMessages: Early EndPlayMap Detection: Level '/Game/ThirdPersonBP/Maps/ThirdPersonExampleMap.ThirdPersonExampleMap:PersistentLevel' has LevelScriptBlueprint '/Game/ThirdPersonBP/Maps/ThirdPersonExampleMap.ThirdPersonExampleMap:PersistentLevel.ThirdPersonExampleMap' with GeneratedClass '/Game/ThirdPersonBP/Maps/ThirdPersonExampleMap.ThirdPersonExampleMap_C' with ClassGeneratedBy '/Game/ThirdPersonBP/Maps/ThirdPersonExampleMap.ThirdPersonExampleMap:PersistentLevel.ThirdPersonExampleMap'
[2018.02.11-10.20.44:103][885]LogBlueprintUserMessages: Late EndPlayMap Detection: Level '/Game/ThirdPersonBP/Maps/ThirdPersonExampleMap.ThirdPersonExampleMap:PersistentLevel' has LevelScriptBlueprint '/Game/ThirdPersonBP/Maps/ThirdPersonExampleMap.ThirdPersonExampleMap:PersistentLevel.ThirdPersonExampleMap' with GeneratedClass '/Game/ThirdPersonBP/Maps/ThirdPersonExampleMap.ThirdPersonExampleMap_C' with ClassGeneratedBy '/Game/ThirdPersonBP/Maps/ThirdPersonExampleMap.ThirdPersonExampleMap:PersistentLevel.ThirdPersonExampleMap'
[2018.02.11-10.21.18:053][453]LogEditorTransaction: Undo Move Node
[2018.02.11-10.21.18:613][453]LogActorComponent: RegisterComponentWithWorld: (/Engine/Transient.World_2:PersistentLevel.Actor_0.DebugSkelMeshComponent_0) Already registered. Aborting.
[2018.02.11-10.21.18:615][453]LogActorComponent: RegisterComponentWithWorld: (/Engine/Transient.World_13:PersistentLevel.Actor_3.DebugSkelMeshComponent_4) Already registered. Aborting.
[2018.02.11-10.21.18:632][453]LogActorComponent: RegisterComponentWithWorld: (/Engine/Transient.World_19:PersistentLevel.Actor_6.DebugSkelMeshComponent_9) Already registered. Aborting.
[2018.02.11-10.21.18:640][453]LogActorComponent: RegisterComponentWithWorld: (/Engine/Transient.World_15:PersistentLevel.Actor_5.DebugSkelMeshComponent_6) Already registered. Aborting.
[2018.02.11-10.21.41:122][863]LogTemp: Repeating last play command: New Editor Window (PIE)
[2018.02.11-10.21.41:147][863]LogBlueprintUserMessages: Early PlayInEditor Detection: Level '/Game/ThirdPersonBP/Maps/ThirdPersonExampleMap.ThirdPersonExampleMap:PersistentLevel' has LevelScriptBlueprint '/Game/ThirdPersonBP/Maps/ThirdPersonExampleMap.ThirdPersonExampleMap:PersistentLevel.ThirdPersonExampleMap' with GeneratedClass '/Game/ThirdPersonBP/Maps/ThirdPersonExampleMap.ThirdPersonExampleMap_C' with ClassGeneratedBy '/Game/ThirdPersonBP/Maps/ThirdPersonExampleMap.ThirdPersonExampleMap:PersistentLevel.ThirdPersonExampleMap'
[2018.02.11-10.21.41:148][863]BlueprintLog: New page: Pre-Play auto-recompile
[2018.02.11-10.21.41:166][863]LogPlayLevel: [PlayLevel] Compiling ThirdPerson_AnimBP before play...
[2018.02.11-10.21.41:344][863]LogPlayLevel: PlayLevel: Blueprint regeneration took 196 ms (1 blueprints)
[2018.02.11-10.21.41:345][863]PIE: New page: PIE session: ThirdPersonExampleMap (Feb 11, 2018, 2:21:41 PM)
[2018.02.11-10.21.41:345][863]LogPlayLevel: Creating play world package: /Game/ThirdPersonBP/Maps/UEDPIE_0_ThirdPersonExampleMap
[2018.02.11-10.21.41:366][863]LogPlayLevel: PIE: StaticDuplicateObject took: (0.021397s)
[2018.02.11-10.21.41:367][863]LogAIModule: Creating AISystem for world ThirdPersonExampleMap
[2018.02.11-10.21.41:367][863]LogPlayLevel: PIE: World Init took: (0.000841s)
[2018.02.11-10.21.41:367][863]LogPlayLevel: PIE: Created PIE world by copying editor world from /Game/ThirdPersonBP/Maps/ThirdPersonExampleMap.ThirdPersonExampleMap to /Game/ThirdPersonBP/Maps/UEDPIE_0_ThirdPersonExampleMap.ThirdPersonExampleMap (0.022582s)
[2018.02.11-10.21.41:408][863]LogInit: XAudio2 using 'SyncMaster (NVIDIA High Definition Audio)' : 2 channels at 48 kHz using 16 bits per sample (channel mask 0x3)
[2018.02.11-10.21.41:417][863]LogInit: FAudioDevice initialized.
[2018.02.11-10.21.41:460][863]LogLoad: Game class is 'ThirdPersonGameMode_C'
[2018.02.11-10.21.41:463][863]LogWorld: Bringing World /Game/ThirdPersonBP/Maps/UEDPIE_0_ThirdPersonExampleMap.ThirdPersonExampleMap up for play (max tick rate 0) at 2018.02.11-12.21.41
[2018.02.11-10.21.41:464][863]LogWorld: Bringing up level for play took: 0.002824
[2018.02.11-10.21.41:467][863]PIE: Play in editor start time for /Game/ThirdPersonBP/Maps/UEDPIE_0_ThirdPersonExampleMap -0.512
[2018.02.11-10.21.41:468][863]LogBlueprintUserMessages: Late PlayInEditor Detection: Level '/Game/ThirdPersonBP/Maps/ThirdPersonExampleMap.ThirdPersonExampleMap:PersistentLevel' has LevelScriptBlueprint '/Game/ThirdPersonBP/Maps/ThirdPersonExampleMap.ThirdPersonExampleMap:PersistentLevel.ThirdPersonExampleMap' with GeneratedClass '/Game/ThirdPersonBP/Maps/ThirdPersonExampleMap.ThirdPersonExampleMap_C' with ClassGeneratedBy '/Game/ThirdPersonBP/Maps/ThirdPersonExampleMap.ThirdPersonExampleMap:PersistentLevel.ThirdPersonExampleMap'
